<?xml version="1.0" encoding="utf-8"?><testsuites name="pytest tests"><testsuite name="pytest" errors="0" failures="0" skipped="0" tests="5" time="14.375" timestamp="2026-07-25T08:36:01.187958+00:00" hostname="agent-env-96b45688-b2df-4473-8877-561e8c9ffcb3"><testcase classname="backend.tests.test_v2_6_28_popup_work.TestVersion" name="test_version_is_2_6_28" time="0.259" /><testcase classname="backend.tests.test_v2_6_28_popup_work.TestPopupWork" name="test_no_popup_on_empty_page" time="4.599" /><testcase classname="backend.tests.test_v2_6_28_popup_work.TestPopupWork" name="test_hidden_template_not_counted" time="3.020" /><testcase classname="backend.tests.test_v2_6_28_popup_work.TestPopupWork" name="test_visible_dialog_counted_once_with_kinds" time="2.994" /><testcase classname="backend.tests.test_v2_6_28_popup_work.TestPopupWork" name="test_mixed_visible_plus_hidden" time="3.387" /></testsuite></testsuites>